Traceback (most recent call last):
  File "/Users/jan/anaconda3/lib/python3.8/site-packages/jupyter_cache/executors/utils.py", line 51, in single_nb_execution
    executenb(
  File "/Users/jan/anaconda3/lib/python3.8/site-packages/nbclient/client.py", line 1112, in execute
    return NotebookClient(nb=nb, resources=resources, km=km, **kwargs).execute()
  File "/Users/jan/anaconda3/lib/python3.8/site-packages/nbclient/util.py", line 74, in wrapped
    return just_run(coro(*args, **kwargs))
  File "/Users/jan/anaconda3/lib/python3.8/site-packages/nbclient/util.py", line 53, in just_run
    return loop.run_until_complete(coro)
  File "/Users/jan/anaconda3/lib/python3.8/asyncio/base_events.py", line 616, in run_until_complete
    return future.result()
  File "/Users/jan/anaconda3/lib/python3.8/site-packages/nbclient/client.py", line 553, in async_execute
    await self.async_execute_cell(
  File "/Users/jan/anaconda3/lib/python3.8/site-packages/nbclient/client.py", line 857, in async_execute_cell
    self._check_raise_for_error(cell, exec_reply)
  File "/Users/jan/anaconda3/lib/python3.8/site-packages/nbclient/client.py", line 760, in _check_raise_for_error
    raise CellExecutionError.from_cell_and_msg(cell, exec_reply_content)
nbclient.exceptions.CellExecutionError: An error occurred while executing the following cell:
------------------
# select by id
print('by id:\n',soup.find_all('div', id='div_1'))

# select by class 
print('\n by class:\n',soup.find_all('p', class_='parag-1'))    # note class_ (not class)

# by s
------------------

[0;31m---------------------------------------------------------------------------[0m
[0;31mNameError[0m                                 Traceback (most recent call last)
[0;32m<ipython-input-16-e130270c08aa>[0m in [0;36m<module>[0;34m[0m
[1;32m      1[0m [0;31m# select by id[0m[0;34m[0m[0;34m[0m[0;34m[0m[0m
[0;32m----> 2[0;31m [0mprint[0m[0;34m([0m[0;34m'by id:\n'[0m[0;34m,[0m[0msoup[0m[0;34m.[0m[0mfind_all[0m[0;34m([0m[0;34m'div'[0m[0;34m,[0m [0mid[0m[0;34m=[0m[0;34m'div_1'[0m[0;34m)[0m[0;34m)[0m[0;34m[0m[0;34m[0m[0m
[0m[1;32m      3[0m [0;34m[0m[0m
[1;32m      4[0m [0;31m# select by class[0m[0;34m[0m[0;34m[0m[0;34m[0m[0m
[1;32m      5[0m [0mprint[0m[0;34m([0m[0;34m'\n by class:\n'[0m[0;34m,[0m[0msoup[0m[0;34m.[0m[0mfind_all[0m[0;34m([0m[0;34m'p'[0m[0;34m,[0m [0mclass_[0m[0;34m=[0m[0;34m'parag-1'[0m[0;34m)[0m[0;34m)[0m    [0;31m# note class_ (not class)[0m[0;34m[0m[0;34m[0m[0m

[0;31mNameError[0m: name 'soup' is not defined
NameError: name 'soup' is not defined

